  CGWorkView.cpp
  iritSkel.cpp
  Generating Code...
  libpng.lib(png.obj) : MSIL .netmodule or module compiled with /GL found; restarting link with /LTCG; add /LTCG to the link command line to improve linker performance
MSVCRT.lib(initializers.obj) : warning LNK4098: defaultlib 'msvcrtd.lib' conflicts with use of other libs; use /NODEFAULTLIB:library
  Generating code
  Finished generating code
Vector4.obj : warning LNK4204: 'G:\My Drive\technion\courses\Computer_Graphics\hw\cg\ComputerGraphics\skeleton\CGWork\Release\vc142.pdb' is missing debugging information for referencing module; linking object as if no debug info
StdAfx.obj : warning LNK4204: 'G:\My Drive\technion\courses\Computer_Graphics\hw\cg\ComputerGraphics\skeleton\CGWork\Release\vc142.pdb' is missing debugging information for referencing module; linking object as if no debug info
Source.obj : warning LNK4204: 'G:\My Drive\technion\courses\Computer_Graphics\hw\cg\ComputerGraphics\skeleton\CGWork\Release\vc142.pdb' is missing debugging information for referencing module; linking object as if no debug info
PngWrapper.obj : warning LNK4204: 'G:\My Drive\technion\courses\Computer_Graphics\hw\cg\ComputerGraphics\skeleton\CGWork\Release\vc142.pdb' is missing debugging information for referencing module; linking object as if no debug info
Matrix4.obj : warning LNK4204: 'G:\My Drive\technion\courses\Computer_Graphics\hw\cg\ComputerGraphics\skeleton\CGWork\Release\vc142.pdb' is missing debugging information for referencing module; linking object as if no debug info
MaterialDlg.obj : warning LNK4204: 'G:\My Drive\technion\courses\Computer_Graphics\hw\cg\ComputerGraphics\skeleton\CGWork\Release\vc142.pdb' is missing debugging information for referencing module; linking object as if no debug info
MainFrm.obj : warning LNK4204: 'G:\My Drive\technion\courses\Computer_Graphics\hw\cg\ComputerGraphics\skeleton\CGWork\Release\vc142.pdb' is missing debugging information for referencing module; linking object as if no debug info
LineDrawer.obj : warning LNK4204: 'G:\My Drive\technion\courses\Computer_Graphics\hw\cg\ComputerGraphics\skeleton\CGWork\Release\vc142.pdb' is missing debugging information for referencing module; linking object as if no debug info
LightDialog.obj : warning LNK4204: 'G:\My Drive\technion\courses\Computer_Graphics\hw\cg\ComputerGraphics\skeleton\CGWork\Release\vc142.pdb' is missing debugging information for referencing module; linking object as if no debug info
CGWorkDoc.obj : warning LNK4204: 'G:\My Drive\technion\courses\Computer_Graphics\hw\cg\ComputerGraphics\skeleton\CGWork\Release\vc142.pdb' is missing debugging information for referencing module; linking object as if no debug info
Camera.obj : warning LNK4204: 'G:\My Drive\technion\courses\Computer_Graphics\hw\cg\ComputerGraphics\skeleton\CGWork\Release\vc142.pdb' is missing debugging information for referencing module; linking object as if no debug info
zlib.lib(adler32.obj) : warning LNK4099: PDB 'vc140.pdb' was not found with 'zlib.lib(adler32.obj)' or at 'G:\My Drive\technion\courses\Computer_Graphics\hw\cg\ComputerGraphics\skeleton\CGWork\Release\vc140.pdb'; linking object as if no debug info
zlib.lib(compress.obj) : warning LNK4099: PDB '' was not found with 'zlib.lib(compress.obj)' or at ''; linking object as if no debug info
zlib.lib(crc32.obj) : warning LNK4099: PDB 'vc140.pdb' was not found with 'zlib.lib(crc32.obj)' or at 'G:\My Drive\technion\courses\Computer_Graphics\hw\cg\ComputerGraphics\skeleton\CGWork\Release\vc140.pdb'; linking object as if no debug info
zlib.lib(deflate.obj) : warning LNK4099: PDB 'vc140.pdb' was not found with 'zlib.lib(deflate.obj)' or at 'G:\My Drive\technion\courses\Computer_Graphics\hw\cg\ComputerGraphics\skeleton\CGWork\Release\vc140.pdb'; linking object as if no debug info
zlib.lib(inffast.obj) : warning LNK4099: PDB 'vc140.pdb' was not found with 'zlib.lib(inffast.obj)' or at 'G:\My Drive\technion\courses\Computer_Graphics\hw\cg\ComputerGraphics\skeleton\CGWork\Release\vc140.pdb'; linking object as if no debug info
zlib.lib(inflate.obj) : warning LNK4099: PDB 'vc140.pdb' was not found with 'zlib.lib(inflate.obj)' or at 'G:\My Drive\technion\courses\Computer_Graphics\hw\cg\ComputerGraphics\skeleton\CGWork\Release\vc140.pdb'; linking object as if no debug info
zlib.lib(inftrees.obj) : warning LNK4099: PDB 'vc140.pdb' was not found with 'zlib.lib(inftrees.obj)' or at 'G:\My Drive\technion\courses\Computer_Graphics\hw\cg\ComputerGraphics\skeleton\CGWork\Release\vc140.pdb'; linking object as if no debug info
zlib.lib(trees.obj) : warning LNK4099: PDB 'vc140.pdb' was not found with 'zlib.lib(trees.obj)' or at 'G:\My Drive\technion\courses\Computer_Graphics\hw\cg\ComputerGraphics\skeleton\CGWork\Release\vc140.pdb'; linking object as if no debug info
zlib.lib(zutil.obj) : warning LNK4099: PDB 'vc140.pdb' was not found with 'zlib.lib(zutil.obj)' or at 'G:\My Drive\technion\courses\Computer_Graphics\hw\cg\ComputerGraphics\skeleton\CGWork\Release\vc140.pdb'; linking object as if no debug info
  CGWork.vcxproj -> G:\My Drive\technion\courses\Computer_Graphics\hw\cg\ComputerGraphics\skeleton\bin\Release\CGWork.exe
